Please report this on GitHub at https://github.com/excessive/ludum-dare-37 or
send a DM on Twitter to @LandonManning, @shakesoda, or @josefnpat.

=========================
== 2016-12-10 00:50:36 ==
=========================

Error: libs/iqm/init.lua:173: attempt to redefine 'iqm_vertex_color_normal_position_tangent_texcoord'
stack traceback:
	[C]: in function 'cdef'
	libs/iqm/init.lua:173: in function 'load'
	src/scenes/mechanics.lua:22: in function 'switch'
	src/scenes/main-menu.lua:27: in function 'action'
	src/scenes/main-menu.lua:64: in function 'go'
	src/scenes/main-menu.lua:80: in function <src/scenes/main-menu.lua:70>
	conf.lua:427: in function <conf.lua:297>
	[C]: in function 'xpcall'

=========================
== 2016-12-10 00:50:50 ==
=========================

Error: libs/iqm/init.lua:173: attempt to redefine 'iqm_vertex_color_normal_position_tangent_texcoord'
stack traceback:
	[C]: in function 'cdef'
	libs/iqm/init.lua:173: in function 'load'
	src/scenes/mechanics.lua:22: in function 'switch'
	src/scenes/main-menu.lua:27: in function 'action'
	src/scenes/main-menu.lua:64: in function 'go'
	src/scenes/main-menu.lua:80: in function <src/scenes/main-menu.lua:70>
	conf.lua:427: in function <conf.lua:297>
	[builtin#21]: at 0x7f02d5a99610
	[C]: in function 'cdef'
	libs/iqm/init.lua:173: in function 'load'
	src/scenes/mechanics.lua:22: in function 'switch'
	src/scenes/main-menu.lua:27: in function 'action'
	src/scenes/main-menu.lua:64: in function 'go'
	src/scenes/main-menu.lua:80: in function <src/scenes/main-menu.lua:70>
	conf.lua:427: in function <conf.lua:297>
	[C]: in function 'xpcall'

=========================
== 2016-12-10 00:51:01 ==
=========================

Error: libs/iqm/init.lua:173: attempt to redefine 'iqm_vertex_color_normal_position_tangent_texcoord'
stack traceback:
	[C]: in function 'cdef'
	libs/iqm/init.lua:173: in function 'load'
	src/scenes/mechanics.lua:22: in function 'switch'
	src/scenes/main-menu.lua:27: in function 'action'
	src/scenes/main-menu.lua:64: in function 'go'
	src/scenes/main-menu.lua:80: in function <src/scenes/main-menu.lua:70>
	conf.lua:427: in function <conf.lua:297>
	[builtin#21]: at 0x7f02d5a99610
	[C]: in function 'cdef'
	...
	[builtin#21]: at 0x7f02d5a99610
	[C]: in function 'cdef'
	libs/iqm/init.lua:173: in function 'load'
	src/scenes/mechanics.lua:22: in function 'switch'
	src/scenes/main-menu.lua:27: in function 'action'
	src/scenes/main-menu.lua:64: in function 'go'
	src/scenes/main-menu.lua:80: in function <src/scenes/main-menu.lua:70>
	conf.lua:427: in function <conf.lua:297>
	[C]: in function 'xpcall'

=========================
== 2016-12-10 00:51:21 ==
=========================

Error: libs/iqm/init.lua:173: attempt to redefine 'iqm_vertex_color_normal_position_tangent_texcoord'
stack traceback:
	[C]: in function 'cdef'
	libs/iqm/init.lua:173: in function 'load'
	src/scenes/mechanics.lua:22: in function 'switch'
	src/scenes/main-menu.lua:27: in function 'action'
	src/scenes/main-menu.lua:64: in function 'go'
	src/scenes/main-menu.lua:80: in function <src/scenes/main-menu.lua:70>
	conf.lua:427: in function <conf.lua:297>
	[C]: in function 'xpcall'

=========================
== 2016-12-10 01:01:56 ==
=========================

Error: src/systems/render.lua:86: attempt to index global 'load' (a function value)
stack traceback:
	src/systems/render.lua:86: in function 'fn'
	libs/lvfx.lua:284: in function 'frame'
	src/systems/render.lua:133: in function 'draw'
	src/scenes/mechanics.lua:77: in function 'draw'
	main.lua:80: in function 'draw'
	conf.lua:473: in function <conf.lua:297>
	[C]: in function 'xpcall'

=========================
== 2016-12-10 01:02:03 ==
=========================

Error: src/systems/render.lua:86: attempt to index global 'load' (a function value)
stack traceback:
	src/systems/render.lua:86: in function 'fn'
	libs/lvfx.lua:284: in function 'frame'
	src/systems/render.lua:133: in function 'draw'
	src/scenes/mechanics.lua:77: in function 'draw'
	main.lua:80: in function 'draw'
	conf.lua:473: in function <conf.lua:297>
	[C]: in function 'xpcall'

=========================
== 2016-12-10 01:02:50 ==
=========================

Error: src/systems/render.lua:86: attempt to index global 'load' (a function value)
stack traceback:
	src/systems/render.lua:86: in function 'fn'
	libs/lvfx.lua:284: in function 'frame'
	src/systems/render.lua:133: in function 'draw'
	src/scenes/mechanics.lua:77: in function 'draw'
	main.lua:80: in function 'draw'
	conf.lua:473: in function <conf.lua:297>
	[C]: in function 'xpcall'

=========================
== 2016-12-10 01:04:00 ==
=========================

Error: src/systems/render.lua:5: module 'utils.load_files' not found:
	no field package.preload['utils.load_files']
	no 'utils/load_files' in LOVE game directories.
	no file 'utils/load_files.so' in LOVE paths.
	no file './utils/load_files.lua'
	no file '/usr/share/luajit-2.0.4/utils/load_files.lua'
	no file '/usr/local/share/lua/5.1/utils/load_files.lua'
	no file '/usr/local/share/lua/5.1/utils/load_files/init.lua'
	no file '/usr/share/lua/5.1/utils/load_files.lua'
	no file '/usr/share/lua/5.1/utils/load_files/init.lua'
	no file './utils/load_files.so'
	no file '/usr/local/lib/lua/5.1/utils/load_files.so'
	no file '/usr/lib64/lua/5.1/utils/load_files.so'
	no file '/usr/local/lib/lua/5.1/loadall.so'
	no file './utils.so'
	no file '/usr/local/lib/lua/5.1/utils.so'
	no file '/usr/lib64/lua/5.1/utils.so'
	no file '/usr/local/lib/lua/5.1/loadall.so'
stack traceback:
	[C]: in function 'require'
	src/systems/render.lua:5: in main chunk
	[C]: in function 'require'
	src/scenes/mechanics.lua:10: in function 'switch'
	src/scenes/main-menu.lua:27: in function 'action'
	src/scenes/main-menu.lua:64: in function 'go'
	src/scenes/main-menu.lua:80: in function <src/scenes/main-menu.lua:70>
	conf.lua:427: in function <conf.lua:297>
	[C]: in function 'xpcall'

=========================
== 2016-12-10 01:04:16 ==
=========================

Error: src/utils/load-files.lua:3: module 'geometry' not found:
	no field package.preload['geometry']
	no 'geometry' in LOVE game directories.
	no file 'geometry.so' in LOVE paths.
	no file './geometry.lua'
	no file '/usr/share/luajit-2.0.4/geometry.lua'
	no file '/usr/local/share/lua/5.1/geometry.lua'
	no file '/usr/local/share/lua/5.1/geometry/init.lua'
	no file '/usr/share/lua/5.1/geometry.lua'
	no file '/usr/share/lua/5.1/geometry/init.lua'
	no file './geometry.so'
	no file '/usr/local/lib/lua/5.1/geometry.so'
	no file '/usr/lib64/lua/5.1/geometry.so'
	no file '/usr/local/lib/lua/5.1/loadall.so'
stack traceback:
	[C]: in function 'require'
	src/utils/load-files.lua:3: in main chunk
	[C]: in function 'require'
	src/systems/render.lua:5: in main chunk
	[C]: in function 'require'
	src/scenes/mechanics.lua:10: in function 'switch'
	src/scenes/main-menu.lua:27: in function 'action'
	src/scenes/main-menu.lua:64: in function 'go'
	src/scenes/main-menu.lua:80: in function <src/scenes/main-menu.lua:70>
	conf.lua:427: in function <conf.lua:297>
	[C]: in function 'xpcall'

=========================
== 2016-12-10 01:42:31 ==
=========================

Error: src/systems/player-controller.lua:16: attempt to call field 'analogStick' (a nil value)
stack traceback:
	src/systems/player-controller.lua:16: in function 'a'
	src/systems/player-controller.lua:33: in function 'onAddToWorld'
	libs/tiny.lua:584: in function 'tiny_manageSystems'
	libs/tiny.lua:735: in function 'update'
	src/scenes/mechanics.lua:107: in function 'update'
	conf.lua:471: in function <conf.lua:297>
	[C]: in function 'xpcall'

=========================
== 2016-12-10 02:22:00 ==
=========================

Error: src/systems/player-controller.lua:69: attempt to call global 'w' (a nil value)
stack traceback:
	src/systems/player-controller.lua:69: in function 'onAddToWorld'
	libs/tiny.lua:584: in function 'tiny_manageSystems'
	libs/tiny.lua:735: in function 'update'
	src/scenes/mechanics.lua:107: in function 'update'
	conf.lua:471: in function <conf.lua:297>
	[C]: in function 'xpcall'

=========================
== 2016-12-10 03:01:30 ==
=========================

Error: src/systems/player-controller.lua:108: attempt to index field 'CONSOLE' (a nil value)
stack traceback:
	src/systems/player-controller.lua:108: in function 'process'
	libs/tiny.lua:325: in function 'update'
	libs/tiny.lua:774: in function 'update'
	src/scenes/mechanics.lua:112: in function 'update'
	conf.lua:471: in function <conf.lua:297>
	[C]: in function 'xpcall'

=========================
== 2016-12-10 03:01:58 ==
=========================

Error: src/systems/player-controller.lua:163: attempt to compare number with nil
stack traceback:
	src/systems/player-controller.lua:163: in function 'process'
	libs/tiny.lua:325: in function 'update'
	libs/tiny.lua:774: in function 'update'
	src/scenes/mechanics.lua:112: in function 'update'
	conf.lua:471: in function <conf.lua:297>
	[C]: in function 'xpcall'

=========================
== 2016-12-10 03:02:24 ==
=========================

Error: libs/cpml/modules/vec3.lua:339: __mul: Wrong argument type for left hand operant. (<cpml.vec3> expected)
stack traceback:
	[C]: in function 'assert'
	libs/cpml/modules/vec3.lua:339: in function '__mul'
	src/systems/player-controller.lua:223: in function 'process'
	libs/tiny.lua:325: in function 'update'
	libs/tiny.lua:774: in function 'update'
	src/scenes/mechanics.lua:112: in function 'update'
	conf.lua:471: in function <conf.lua:297>
	[C]: in function 'xpcall'

=========================
== 2016-12-10 03:03:36 ==
=========================

Error: src/systems/player-controller.lua:196: attempt to compare nil with number
stack traceback:
	src/systems/player-controller.lua:196: in function 'process'
	libs/tiny.lua:325: in function 'update'
	libs/tiny.lua:774: in function 'update'
	src/scenes/mechanics.lua:113: in function 'update'
	conf.lua:471: in function <conf.lua:297>
	[C]: in function 'xpcall'

=========================
== 2016-12-10 03:04:08 ==
=========================

Error: src/systems/player-controller.lua:197: attempt to index field 'orientation' (a nil value)
stack traceback:
	src/systems/player-controller.lua:197: in function 'process'
	libs/tiny.lua:325: in function 'update'
	libs/tiny.lua:774: in function 'update'
	src/scenes/mechanics.lua:114: in function 'update'
	conf.lua:471: in function <conf.lua:297>
	[C]: in function 'xpcall'

=========================
== 2016-12-10 03:06:05 ==
=========================

Error: libs/cpml/modules/vec3.lua:170: attempt to index local 'b' (a number value)
stack traceback:
	libs/cpml/modules/vec3.lua:170: in function 'dot'
	libs/cpml/modules/quat.lua:296: in function 'slerp'
	src/systems/player-controller.lua:197: in function 'process'
	libs/tiny.lua:325: in function 'update'
	libs/tiny.lua:774: in function 'update'
	src/scenes/mechanics.lua:116: in function 'update'
	conf.lua:471: in function <conf.lua:297>
	[C]: in function 'xpcall'

=========================
== 2016-12-10 03:08:21 ==
=========================

Error: libs/cpml/modules/quat.lua:205: 'struct 162' has no member named 'w'
stack traceback:
	libs/cpml/modules/quat.lua:205: in function 'dot'
	libs/cpml/modules/quat.lua:296: in function 'slerp'
	src/systems/player-controller.lua:197: in function 'process'
	libs/tiny.lua:325: in function 'update'
	libs/tiny.lua:774: in function 'update'
	src/scenes/mechanics.lua:116: in function 'update'
	conf.lua:471: in function <conf.lua:297>
	[C]: in function 'xpcall'

=========================
== 2016-12-10 03:09:56 ==
=========================

Error: src/systems/player-controller.lua:201: attempt to perform arithmetic on field 'slerp' (a nil value)
stack traceback:
	src/systems/player-controller.lua:201: in function 'process'
	libs/tiny.lua:325: in function 'update'
	libs/tiny.lua:774: in function 'update'
	src/scenes/mechanics.lua:116: in function 'update'
	conf.lua:471: in function <conf.lua:297>
	[C]: in function 'xpcall'

=========================
== 2016-12-10 03:14:33 ==
=========================

Error: libs/cpml/modules/vec3.lua:340: __mul: Wrong argument type for right hand operant. (<cpml.vec3> or <number> expected)
stack traceback:
	[C]: in function 'assert'
	libs/cpml/modules/vec3.lua:340: in function '__mul'
	src/systems/player-controller.lua:227: in function 'process'
	libs/tiny.lua:325: in function 'update'
	libs/tiny.lua:774: in function 'update'
	src/scenes/mechanics.lua:117: in function 'update'
	conf.lua:471: in function <conf.lua:297>
	[C]: in function 'xpcall'

=========================
== 2016-12-10 03:15:16 ==
=========================

Error: src/systems/movement.lua:12: attempt to index field 'grid_offset' (a nil value)
stack traceback:
	src/systems/movement.lua:12: in function 'process'
	libs/tiny.lua:325: in function 'update'
	libs/tiny.lua:774: in function 'update'
	src/scenes/mechanics.lua:118: in function 'update'
	conf.lua:471: in function <conf.lua:297>
	[C]: in function 'xpcall'

=========================
== 2016-12-10 03:15:50 ==
=========================

Error: src/scenes/mechanics.lua:79: attempt to index field 'inputs' (a nil value)
stack traceback:
	src/scenes/mechanics.lua:79: in function 'process'
	libs/tiny.lua:325: in function 'update'
	libs/tiny.lua:774: in function 'update'
	src/scenes/mechanics.lua:118: in function 'update'
	conf.lua:471: in function <conf.lua:297>
	[C]: in function 'xpcall'

=========================
== 2016-12-10 03:28:37 ==
=========================

Error: libs/cpml/modules/vec3.lua:333: __sub: Wrong argument type for left hand operant. (<cpml.vec3> expected)
stack traceback:
	[C]: in function 'assert'
	libs/cpml/modules/vec3.lua:333: in function '__sub'
	libs/cpml/modules/mat4.lua:508: in function 'look_at'
	src/camera.lua:76: in function 'update'
	src/systems/render.lua:98: in function 'update'
	libs/tiny.lua:774: in function 'update'
	src/scenes/mechanics.lua:122: in function 'update'
	conf.lua:471: in function <conf.lua:297>
	[C]: in function 'xpcall'

=========================
== 2016-12-10 04:16:09 ==
=========================

Error: src/systems/player-controller.lua:145: attempt to index field 'renderer' (a nil value)
stack traceback:
	src/systems/player-controller.lua:145: in function 'process'
	libs/tiny.lua:325: in function 'update'
	libs/tiny.lua:774: in function 'update'
	src/scenes/mechanics.lua:111: in function 'update'
	conf.lua:471: in function <conf.lua:297>
	[C]: in function 'xpcall'

=========================
== 2016-12-10 04:16:17 ==
=========================

Error: src/camera.lua:39: attempt to perform arithmetic on local 'mx' (a nil value)
stack traceback:
	src/camera.lua:39: in function 'rotate_xy'
	src/systems/player-controller.lua:145: in function 'process'
	libs/tiny.lua:325: in function 'update'
	libs/tiny.lua:774: in function 'update'
	src/scenes/mechanics.lua:111: in function 'update'
	conf.lua:471: in function <conf.lua:297>
	[C]: in function 'xpcall'

=========================
== 2016-12-10 04:20:26 ==
=========================

Error: src/systems/render.lua:118: bad argument #1 to 'draw' (Drawable expected, got table)
stack traceback:
	[C]: in function 'draw'
	src/systems/render.lua:118: in function 'fn'
	libs/lvfx.lua:284: in function 'frame'
	src/systems/render.lua:144: in function 'draw'
	src/scenes/mechanics.lua:118: in function 'draw'
	main.lua:80: in function 'draw'
	conf.lua:473: in function <conf.lua:297>
	[C]: in function 'xpcall'

=========================
== 2016-12-10 04:33:52 ==
=========================

Error: libs/cpml/modules/quat.lua:197: attempt to index local 'a' (a nil value)
stack traceback:
	libs/cpml/modules/quat.lua:197: in function 'normalize'
	src/systems/player-controller.lua:235: in function 'process'
	libs/tiny.lua:325: in function 'update'
	libs/tiny.lua:774: in function 'update'
	src/scenes/mechanics.lua:114: in function 'update'
	conf.lua:471: in function <conf.lua:297>
	[C]: in function 'xpcall'

=========================
== 2016-12-10 05:25:44 ==
=========================

Error: libs/cpml/modules/quat.lua:197: attempt to index local 'a' (a nil value)
stack traceback:
	libs/cpml/modules/quat.lua:197: in function 'normalize'
	src/systems/player-controller.lua:248: in function 'process'
	libs/tiny.lua:325: in function 'update'
	libs/tiny.lua:774: in function 'update'
	src/scenes/mechanics.lua:150: in function 'update'
	conf.lua:471: in function <conf.lua:297>
	[C]: in function 'xpcall'

=========================
== 2016-12-10 05:26:56 ==
=========================

Error: libs/cpml/modules/quat.lua:197: attempt to index local 'a' (a nil value)
stack traceback:
	libs/cpml/modules/quat.lua:197: in function 'normalize'
	src/systems/player-controller.lua:248: in function 'process'
	libs/tiny.lua:325: in function 'update'
	libs/tiny.lua:774: in function 'update'
	src/scenes/mechanics.lua:150: in function 'update'
	conf.lua:471: in function <conf.lua:297>
	[C]: in function 'xpcall'

=========================
== 2016-12-10 05:35:08 ==
=========================

Error: src/scenes/mechanics.lua:163: bad argument #2 to 'format' (number expected, got nil)
stack traceback:
	[C]: in function 'format'
	src/scenes/mechanics.lua:163: in function 'draw'
	main.lua:80: in function 'draw'
	conf.lua:473: in function <conf.lua:297>
	[C]: in function 'xpcall'

=========================
== 2016-12-10 05:36:14 ==
=========================

Error: src/scenes/mechanics.lua:96: attempt to index field 'players' (a nil value)
stack traceback:
	src/scenes/mechanics.lua:96: in function 'f'
	libs/talkback.lua:79: in function 'say'
	src/scenes/mechanics.lua:141: in function <src/scenes/mechanics.lua:140>
	conf.lua:427: in function <conf.lua:297>
	[C]: in function 'xpcall'

=========================
== 2016-12-10 05:51:41 ==
=========================

Error: src/systems/player-controller.lua:12: attempt to call field 'getVisible' (a nil value)
stack traceback:
	src/systems/player-controller.lua:12: in function 'toggle_mouse'
	src/systems/player-controller.lua:125: in function 'process'
	libs/tiny.lua:325: in function 'update'
	libs/tiny.lua:774: in function 'update'
	src/scenes/mechanics.lua:151: in function 'update'
	conf.lua:471: in function <conf.lua:297>
	[C]: in function 'xpcall'

=========================
== 2016-12-10 05:52:47 ==
=========================

Error: Cannot compile vertex shader code:
Line 18: error: undefined variable "f_normal"
stack traceback:
	[C]: in function 'newShader'
	libs/lvfx.lua:97: in function 'newShader'
	src/systems/render.lua:49: in function 'onAddToWorld'
	libs/tiny.lua:584: in function 'tiny_manageSystems'
	libs/tiny.lua:735: in function 'update'
	src/scenes/mechanics.lua:151: in function 'update'
	conf.lua:471: in function <conf.lua:297>
	[C]: in function 'xpcall'

=========================
== 2016-12-10 06:33:15 ==
=========================

Error: src/scenes/mechanics.lua:172: attempt to perform arithmetic on global 'bh' (a nil value)
stack traceback:
	src/scenes/mechanics.lua:172: in function 'draw'
	main.lua:80: in function 'draw'
	conf.lua:473: in function <conf.lua:297>
	[C]: in function 'xpcall'

=========================
== 2016-12-10 07:53:05 ==
=========================

Error: src/systems/player-controller.lua:101: attempt to perform arithmetic on field 'dodge_lerp' (a nil value)
stack traceback:
	src/systems/player-controller.lua:101: in function 'process'
	libs/tiny.lua:325: in function 'update'
	libs/tiny.lua:774: in function 'update'
	src/scenes/mechanics.lua:158: in function 'update'
	conf.lua:471: in function <conf.lua:297>
	[C]: in function 'xpcall'

=========================
== 2016-12-10 07:54:09 ==
=========================

Error: src/systems/player-controller.lua:204: attempt to perform arithmetic on field 'slerp' (a nil value)
stack traceback:
	src/systems/player-controller.lua:204: in function 'process'
	libs/tiny.lua:325: in function 'update'
	libs/tiny.lua:774: in function 'update'
	src/scenes/mechanics.lua:159: in function 'update'
	conf.lua:471: in function <conf.lua:297>
	[C]: in function 'xpcall'

=========================
== 2016-12-10 08:05:19 ==
=========================

Error: libs/timer.lua:138: 'struct 162' has no '__pairs' metamethod
stack traceback:
	[C]: in function 'pairs'
	libs/timer.lua:138: in function 'tween_collect_payload'
	libs/timer.lua:153: in function 'tween'
	src/scenes/mechanics.lua:125: in function 'f'
	libs/talkback.lua:79: in function 'say'
	src/systems/player-controller.lua:265: in function 'process'
	libs/tiny.lua:325: in function 'update'
	libs/tiny.lua:774: in function 'update'
	src/scenes/mechanics.lua:160: in function 'update'
	conf.lua:471: in function <conf.lua:297>
	[C]: in function 'xpcall'

=========================
== 2016-12-10 17:28:16 ==
=========================

Error: src/systems/collision.lua:42: attempt to perform arithmetic on field 'force' (a nil value)
stack traceback:
	src/systems/collision.lua:42: in function 'process'
	libs/tiny.lua:325: in function 'update'
	libs/tiny.lua:774: in function 'update'
	src/scenes/mechanics.lua:204: in function 'update'
	conf.lua:471: in function <conf.lua:297>
	[C]: in function 'xpcall'

=========================
== 2016-12-10 17:29:59 ==
=========================

Error: libs/cpcl/modules/collision.lua:53: Entity radius must be a vec3
stack traceback:
	[C]: in function 'assert'
	libs/cpcl/modules/collision.lua:53: in function 'packet_from_entity'
	src/systems/collision.lua:48: in function 'process'
	libs/tiny.lua:325: in function 'update'
	libs/tiny.lua:774: in function 'update'
	src/scenes/mechanics.lua:204: in function 'update'
	conf.lua:471: in function <conf.lua:297>
	[C]: in function 'xpcall'

=========================
== 2016-12-10 17:39:48 ==
=========================

Error: libs/tiny.lua:500: System does not belong to this World.
stack traceback:
	[C]: in function 'assert'
	libs/tiny.lua:500: in function 'removeSystem'
	src/systems/collision.lua:223: in function 'onRemoveFromWorld'
	libs/tiny.lua:555: in function 'tiny_manageSystems'
	libs/tiny.lua:714: in function 'refresh'
	src/scenes/mechanics.lua:211: in function '__NULL__'
	libs/gamestate.lua:54: in function 'switch'
	src/scenes/mechanics.lua:227: in function <src/scenes/mechanics.lua:225>
	conf.lua:427: in function <conf.lua:297>
	[C]: in function 'xpcall'

=========================
== 2016-12-10 17:42:09 ==
=========================

Error: libs/tiny.lua:500: System does not belong to this World.
stack traceback:
	[C]: in function 'assert'
	libs/tiny.lua:500: in function 'removeSystem'
	src/systems/collision.lua:223: in function 'onRemoveFromWorld'
	libs/tiny.lua:555: in function 'tiny_manageSystems'
	libs/tiny.lua:714: in function 'refresh'
	src/scenes/mechanics.lua:211: in function '__NULL__'
	libs/gamestate.lua:54: in function 'switch'
	src/scenes/mechanics.lua:227: in function <src/scenes/mechanics.lua:225>
	conf.lua:427: in function <conf.lua:297>
	[C]: in function 'xpcall'

=========================
== 2016-12-10 17:45:58 ==
=========================

Error: libs/tiny.lua:500: System does not belong to this World.
stack traceback:
	[C]: in function 'assert'
	libs/tiny.lua:500: in function 'removeSystem'
	src/systems/collision.lua:223: in function 'onRemoveFromWorld'
	libs/tiny.lua:555: in function 'tiny_manageSystems'
	libs/tiny.lua:714: in function 'refresh'
	src/scenes/mechanics.lua:222: in function '__NULL__'
	libs/gamestate.lua:54: in function 'switch'
	src/scenes/mechanics.lua:238: in function <src/scenes/mechanics.lua:236>
	conf.lua:427: in function <conf.lua:297>
	[C]: in function 'xpcall'

=========================
== 2016-12-10 17:48:07 ==
=========================

Error: libs/tiny.lua:500: System does not belong to this World.
stack traceback:
	[C]: in function 'assert'
	libs/tiny.lua:500: in function 'removeSystem'
	src/systems/collision.lua:223: in function 'onRemoveFromWorld'
	libs/tiny.lua:555: in function 'tiny_manageSystems'
	libs/tiny.lua:714: in function 'refresh'
	src/scenes/mechanics.lua:229: in function '__NULL__'
	libs/gamestate.lua:54: in function 'switch'
	src/scenes/mechanics.lua:245: in function <src/scenes/mechanics.lua:243>
	conf.lua:427: in function <conf.lua:297>
	[C]: in function 'xpcall'

=========================
== 2016-12-10 17:53:50 ==
=========================

Error: libs/tiny.lua:500: System does not belong to this World.
stack traceback:
	[C]: in function 'assert'
	libs/tiny.lua:500: in function 'removeSystem'
	src/systems/collision.lua:223: in function 'onRemoveFromWorld'
	libs/tiny.lua:555: in function 'tiny_manageSystems'
	libs/tiny.lua:714: in function 'refresh'
	src/scenes/mechanics.lua:227: in function '__NULL__'
	libs/gamestate.lua:54: in function 'switch'
	src/scenes/mechanics.lua:243: in function <src/scenes/mechanics.lua:241>
	conf.lua:427: in function <conf.lua:297>
	[C]: in function 'xpcall'

=========================
== 2016-12-10 18:34:23 ==
=========================

Error: src/scenes/mechanics.lua:299: bad argument #1 to 'draw' (Drawable expected, got nil)
stack traceback:
	[C]: in function 'draw'
	src/scenes/mechanics.lua:299: in function 'draw'
	main.lua:80: in function 'draw'
	conf.lua:473: in function <conf.lua:297>
	[C]: in function 'xpcall'

=========================
== 2016-12-10 19:12:19 ==
=========================

Error: libs/iqm/init.lua:24: File assets/models/debug/sphere.iqm not found
stack traceback:
	[C]: in function 'assert'
	libs/iqm/init.lua:24: in function 'load_data'
	libs/iqm/init.lua:95: in function 'load'
	src/scenes/mechanics.lua:97: in function 'switch'
	src/scenes/main-menu.lua:27: in function 'action'
	src/scenes/main-menu.lua:64: in function 'go'
	src/scenes/main-menu.lua:80: in function <src/scenes/main-menu.lua:70>
	conf.lua:427: in function <conf.lua:297>
	[C]: in function 'xpcall'

=========================
== 2016-12-10 19:12:34 ==
=========================

Error: src/scenes/mechanics.lua:156: attempt to index field 'player' (a nil value)
stack traceback:
	src/scenes/mechanics.lua:156: in function 'update'
	libs/tiny.lua:774: in function 'update'
	src/scenes/mechanics.lua:273: in function 'update'
	conf.lua:471: in function <conf.lua:297>
	[C]: in function 'xpcall'

=========================
== 2016-12-10 19:12:54 ==
=========================

Error: libs/cpml/modules/mat4.lua:822: attempt to get length of 'struct 162'
stack traceback:
	libs/cpml/modules/mat4.lua:822: in function '__mul'
	src/scenes/mechanics.lua:160: in function 'update'
	libs/tiny.lua:774: in function 'update'
	src/scenes/mechanics.lua:273: in function 'update'
	conf.lua:471: in function <conf.lua:297>
	[C]: in function 'xpcall'

=========================
== 2016-12-10 19:13:50 ==
=========================

Error: libs/cpml/modules/mat4.lua:822: attempt to get length of 'struct 162'
stack traceback:
	libs/cpml/modules/mat4.lua:822: in function '__mul'
	src/scenes/mechanics.lua:160: in function 'update'
	libs/tiny.lua:774: in function 'update'
	src/scenes/mechanics.lua:274: in function 'update'
	conf.lua:471: in function <conf.lua:297>
	[C]: in function 'xpcall'

=========================
== 2016-12-10 19:13:57 ==
=========================

Error: libs/cpml/modules/mat4.lua:822: attempt to get length of 'struct 162'
stack traceback:
	libs/cpml/modules/mat4.lua:822: in function '__mul'
	src/scenes/mechanics.lua:161: in function 'update'
	libs/tiny.lua:774: in function 'update'
	src/scenes/mechanics.lua:274: in function 'update'
	conf.lua:471: in function <conf.lua:297>
	[C]: in function 'xpcall'

=========================
== 2016-12-10 22:48:16 ==
=========================

Error: libs/cpml/modules/intersect.lua:668: attempt to compare number with nil
stack traceback:
	libs/cpml/modules/intersect.lua:668: in function 'closest_point_segment_segment'
	libs/cpml/modules/intersect.lua:644: in function 'capsule_capsule'
	src/systems/collision.lua:18: in function 'process'
	libs/tiny.lua:325: in function 'update'
	libs/tiny.lua:774: in function 'update'
	src/scenes/mechanics.lua:318: in function 'update'
	conf.lua:471: in function <conf.lua:297>
	[C]: in function 'xpcall'

=========================
== 2016-12-10 22:49:37 ==
=========================

Error: libs/cpml/modules/intersect.lua:668: attempt to compare number with nil
stack traceback:
	libs/cpml/modules/intersect.lua:668: in function 'closest_point_segment_segment'
	libs/cpml/modules/intersect.lua:644: in function 'capsule_capsule'
	src/systems/collision.lua:19: in function 'process'
	libs/tiny.lua:325: in function 'update'
	libs/tiny.lua:774: in function 'update'
	src/scenes/mechanics.lua:318: in function 'update'
	conf.lua:471: in function <conf.lua:297>
	[C]: in function 'xpcall'

=========================
== 2016-12-10 22:51:27 ==
=========================

Error: libs/cpml/modules/mat4.lua:821: __mul: Wrong argument type for left hand operant. (<cpml.mat4> expected)
stack traceback:
	[C]: in function 'assert'
	libs/cpml/modules/mat4.lua:821: in function '__mul'
	src/scenes/mechanics.lua:194: in function 'update'
	libs/tiny.lua:774: in function 'update'
	src/scenes/mechanics.lua:318: in function 'update'
	conf.lua:471: in function <conf.lua:297>
	[C]: in function 'xpcall'

=========================
== 2016-12-10 22:51:55 ==
=========================

Error: libs/anim9.lua:165: Invalid animation: jump
stack traceback:
	[C]: in function 'assert'
	libs/anim9.lua:165: in function 'update'
	src/systems/animation.lua:11: in function 'process'
	libs/tiny.lua:325: in function 'update'
	libs/tiny.lua:774: in function 'update'
	src/scenes/mechanics.lua:318: in function 'update'
	conf.lua:471: in function <conf.lua:297>
	[C]: in function 'xpcall'

=========================
== 2016-12-10 22:52:17 ==
=========================

Error: libs/cpml/modules/intersect.lua:684: attempt to compare number with nil
stack traceback:
	libs/cpml/modules/intersect.lua:684: in function 'closest_point_segment_segment'
	libs/cpml/modules/intersect.lua:644: in function 'capsule_capsule'
	src/systems/collision.lua:19: in function 'process'
	libs/tiny.lua:325: in function 'update'
	libs/tiny.lua:774: in function 'update'
	src/scenes/mechanics.lua:318: in function 'update'
	conf.lua:471: in function <conf.lua:297>
	[C]: in function 'xpcall'

=========================
== 2016-12-10 22:53:12 ==
=========================

Error: src/systems/collision.lua:29: attempt to index field 'capsule' (a nil value)
stack traceback:
	src/systems/collision.lua:29: in function 'process'
	libs/tiny.lua:325: in function 'update'
	libs/tiny.lua:774: in function 'update'
	src/scenes/mechanics.lua:318: in function 'update'
	conf.lua:471: in function <conf.lua:297>
	[C]: in function 'xpcall'

=========================
== 2016-12-10 23:16:09 ==
=========================

Error: src/scenes/mechanics.lua:192: attempt to index field 'animation' (a nil value)
stack traceback:
	src/scenes/mechanics.lua:192: in function 'update'
	libs/tiny.lua:774: in function 'update'
	src/scenes/mechanics.lua:327: in function 'update'
	conf.lua:471: in function <conf.lua:297>
	[C]: in function 'xpcall'

=========================
== 2016-12-11 00:55:58 ==
=========================

Error: src/scenes/mechanics.lua:28: attempt to index global 'load' (a function value)
stack traceback:
	src/scenes/mechanics.lua:28: in function 'switch'
	src/scenes/main-menu.lua:30: in function 'action'
	src/scenes/main-menu.lua:67: in function 'go'
	src/scenes/main-menu.lua:83: in function <src/scenes/main-menu.lua:73>
	conf.lua:427: in function <conf.lua:297>
	[C]: in function 'xpcall'

=========================
== 2016-12-11 00:56:24 ==
=========================

Error: src/utils/load-files.lua:90: attempt to call a nil value
stack traceback:
	src/utils/load-files.lua:90: in function 'callable'
	libs/memoize.lua:57: in function 'map'
	src/scenes/mechanics.lua:29: in function 'switch'
	src/scenes/main-menu.lua:30: in function 'action'
	src/scenes/main-menu.lua:67: in function 'go'
	src/scenes/main-menu.lua:83: in function <src/scenes/main-menu.lua:73>
	conf.lua:427: in function <conf.lua:297>
	[C]: in function 'xpcall'

=========================
== 2016-12-11 00:58:51 ==
=========================

Error: libs/iqm/init.lua:16: attempt to index local 'magic' (a nil value)
stack traceback:
	libs/iqm/init.lua:16: in function 'check_magic'
	libs/iqm/init.lua:20: in function 'load_data'
	libs/iqm/init.lua:95: in function 'load'
	src/utils/load-files.lua:13: in function 'callable'
	libs/memoize.lua:57: in function 'model'
	src/utils/load-files.lua:105: in function 'callable'
	libs/memoize.lua:57: in function 'map'
	src/scenes/mechanics.lua:29: in function 'switch'
	src/scenes/main-menu.lua:30: in function 'action'
	src/scenes/main-menu.lua:67: in function 'go'
	src/scenes/main-menu.lua:83: in function <src/scenes/main-menu.lua:73>
	conf.lua:427: in function <conf.lua:297>
	[C]: in function 'xpcall'

=========================
== 2016-12-11 01:01:47 ==
=========================

Error: libs/iqm/init.lua:16: attempt to index local 'magic' (a nil value)
stack traceback:
	libs/iqm/init.lua:16: in function 'check_magic'
	libs/iqm/init.lua:20: in function 'load_data'
	libs/iqm/init.lua:95: in function 'load'
	src/utils/load-files.lua:13: in function 'callable'
	libs/memoize.lua:57: in function 'model'
	src/utils/load-files.lua:105: in function 'callable'
	libs/memoize.lua:57: in function 'map'
	src/scenes/mechanics.lua:29: in function 'switch'
	src/scenes/main-menu.lua:30: in function 'action'
	src/scenes/main-menu.lua:67: in function 'go'
	src/scenes/main-menu.lua:83: in function <src/scenes/main-menu.lua:73>
	conf.lua:427: in function <conf.lua:297>
	[C]: in function 'xpcall'

=========================
== 2016-12-11 01:05:57 ==
=========================

Error: libs/cpml/modules/mat4.lua:822: attempt to get length of 'struct 162'
stack traceback:
	libs/cpml/modules/mat4.lua:822: in function '__mul'
	src/utils/geometry.lua:95: in function 'p'
	src/utils/geometry.lua:100: in function 'get_aabb'
	src/utils/load-files.lua:110: in function 'callable'
	libs/memoize.lua:57: in function 'map'
	src/scenes/mechanics.lua:29: in function 'switch'
	src/scenes/main-menu.lua:30: in function 'action'
	src/scenes/main-menu.lua:67: in function 'go'
	src/scenes/main-menu.lua:83: in function <src/scenes/main-menu.lua:73>
	conf.lua:427: in function <conf.lua:297>
	[C]: in function 'xpcall'

=========================
== 2016-12-11 01:29:25 ==
=========================

Error: libs/cpcl/modules/collision.lua:53: Entity radius must be a vec3
stack traceback:
	[C]: in function 'assert'
	libs/cpcl/modules/collision.lua:53: in function 'packet_from_entity'
	src/systems/collision.lua:52: in function 'process'
	libs/tiny.lua:325: in function 'update'
	libs/tiny.lua:774: in function 'update'
	src/scenes/mechanics.lua:304: in function 'update'
	conf.lua:471: in function <conf.lua:297>
	[C]: in function 'xpcall'

=========================
== 2016-12-11 01:31:45 ==
=========================

Error: src/systems/collision.lua:112: attempt to index field 'force' (a nil value)
stack traceback:
	src/systems/collision.lua:112: in function 'process'
	libs/tiny.lua:325: in function 'update'
	libs/tiny.lua:774: in function 'update'
	src/scenes/mechanics.lua:305: in function 'update'
	conf.lua:471: in function <conf.lua:297>
	[C]: in function 'xpcall'

=========================
== 2016-12-11 01:32:39 ==
=========================

Error: src/systems/collision.lua:119: attempt to index field 'home' (a nil value)
stack traceback:
	src/systems/collision.lua:119: in function 'process'
	libs/tiny.lua:325: in function 'update'
	libs/tiny.lua:774: in function 'update'
	src/scenes/mechanics.lua:305: in function 'update'
	conf.lua:471: in function <conf.lua:297>
	[C]: in function 'xpcall'

=========================
== 2016-12-11 01:37:27 ==
=========================

Error: src/systems/collision.lua:134: attempt to index field 'capsule' (a nil value)
stack traceback:
	src/systems/collision.lua:134: in function 'process'
	libs/tiny.lua:325: in function 'update'
	libs/tiny.lua:774: in function 'update'
	src/scenes/mechanics.lua:303: in function 'update'
	conf.lua:471: in function <conf.lua:297>
	[C]: in function 'xpcall'

=========================
== 2016-12-11 01:50:04 ==
=========================

Error: src/scenes/mechanics.lua:359: attempt to perform arithmetic on field 'stamina' (a nil value)
stack traceback:
	src/scenes/mechanics.lua:359: in function 'draw'
	main.lua:80: in function 'draw'
	conf.lua:473: in function <conf.lua:297>
	[C]: in function 'xpcall'

=========================
== 2016-12-11 02:43:15 ==
=========================

Error: src/scenes/mechanics.lua:186: attempt to index field 'player' (a nil value)
stack traceback:
	src/scenes/mechanics.lua:186: in function 'f'
	libs/talkback.lua:79: in function 'say'
	src/scenes/cutscene-test.lua:206: in function 'switch'
	src/scenes/main-menu.lua:24: in function 'action'
	src/scenes/main-menu.lua:67: in function 'go'
	src/scenes/main-menu.lua:113: in function <src/scenes/main-menu.lua:106>
	conf.lua:427: in function <conf.lua:297>
	[C]: in function 'xpcall'

=========================
== 2016-12-11 03:12:02 ==
=========================

Error: src/scenes/mechanics.lua:186: attempt to index field 'player' (a nil value)
stack traceback:
	src/scenes/mechanics.lua:186: in function 'f'
	libs/talkback.lua:79: in function 'say'
	src/scenes/cutscene-test.lua:206: in function 'switch'
	src/scenes/main-menu.lua:24: in function 'action'
	src/scenes/main-menu.lua:67: in function 'go'
	src/scenes/main-menu.lua:113: in function <src/scenes/main-menu.lua:106>
	conf.lua:427: in function <conf.lua:297>
	[C]: in function 'xpcall'

=========================
== 2016-12-11 03:30:42 ==
=========================

Error: src/systems/player-controller.lua:103: attempt to perform arithmetic on field 'infinidagger' (a nil value)
stack traceback:
	src/systems/player-controller.lua:103: in function 'process'
	libs/tiny.lua:325: in function 'update'
	libs/tiny.lua:774: in function 'update'
	src/scenes/mechanics.lua:319: in function 'update'
	conf.lua:471: in function <conf.lua:297>
	[C]: in function 'xpcall'

=========================
== 2016-12-11 04:09:36 ==
=========================

Error: src/camera.lua:37: attempt to index local 'self' (a number value)
stack traceback:
	src/camera.lua:37: in function 'rotate_xy'
	src/systems/player-controller.lua:144: in function 'process'
	libs/tiny.lua:325: in function 'update'
	libs/tiny.lua:774: in function 'update'
	src/scenes/play.lua:292: in function 'update'
	conf.lua:471: in function <conf.lua:297>
	[C]: in function 'xpcall'

=========================
== 2016-12-11 04:31:47 ==
=========================

Error: src/utils/load-files.lua:40: bad argument #1 to 'newImage' (ImageData expected, got nil)
stack traceback:
	[C]: in function 'newImage'
	src/utils/load-files.lua:40: in function 'callable'
	libs/memoize.lua:57: in function 'texture'
	src/systems/render.lua:103: in function 'fn'
	libs/lvfx.lua:284: in function 'frame'
	src/systems/render.lua:209: in function 'draw'
	src/scenes/play.lua:235: in function 'draw'
	main.lua:80: in function 'draw'
	conf.lua:473: in function <conf.lua:297>
	[C]: in function 'xpcall'

=========================
== 2016-12-11 05:23:50 ==
=========================

Error: Syntax error: assets/entities/boss.lua:27: '}' expected near 'a'

stack traceback:
	[C]: at 0x7f2730239480
	[C]: in function 'require'
	src/scenes/play.lua:36: in function 'switch'
	src/scenes/main-menu.lua:18: in function 'action'
	src/scenes/main-menu.lua:58: in function 'go'
	src/scenes/main-menu.lua:74: in function <src/scenes/main-menu.lua:64>
	conf.lua:427: in function <conf.lua:297>
	[C]: in function 'xpcall'

=========================
== 2016-12-11 05:48:06 ==
=========================

Error: libs/iqm/init.lua:210: assertion failed!
stack traceback:
	[C]: in function 'assert'
	libs/iqm/init.lua:210: in function 'load'
	src/utils/load-files.lua:12: in function 'callable'
	libs/memoize.lua:57: in function 'model'
	src/utils/load-files.lua:59: in function 'callable'
	libs/memoize.lua:57: in function 'map'
	src/scenes/play.lua:53: in function 'switch'
	src/scenes/main-menu.lua:18: in function 'action'
	src/scenes/main-menu.lua:58: in function 'go'
	src/scenes/main-menu.lua:74: in function <src/scenes/main-menu.lua:64>
	conf.lua:427: in function <conf.lua:297>
	[C]: in function 'xpcall'

=========================
== 2016-12-11 08:32:41 ==
=========================

Error: Syntax error: assets/entities/boss.lua:37: '}' expected (to close '{' at line 28) near '['

stack traceback:
	[C]: at 0x7fda35703480
	[C]: in function 'require'
	src/scenes/play.lua:96: in function 'switch'
	src/scenes/main-menu.lua:18: in function 'action'
	src/scenes/main-menu.lua:58: in function 'go'
	src/scenes/main-menu.lua:74: in function <src/scenes/main-menu.lua:64>
	conf.lua:427: in function <conf.lua:297>
	[C]: in function 'xpcall'

=========================
== 2016-12-11 18:40:20 ==
=========================

Error: libs/timer.lua:48: libs/cpml/modules/vec3.lua:173: attempt to index local 'b' (a nil value)
stack traceback:
	[C]: in function 'after'
	libs/timer.lua:48: in function 'update'
	src/systems/ai.lua:49: in function 'process'
	libs/tiny.lua:325: in function 'update'
	libs/tiny.lua:774: in function 'update'
	src/scenes/play.lua:275: in function 'update'
	conf.lua:471: in function <conf.lua:297>
	[C]: in function 'xpcall'

=========================
== 2016-12-11 18:40:52 ==
=========================

Error: libs/timer.lua:48: libs/cpml/modules/vec3.lua:173: attempt to index local 'b' (a nil value)
stack traceback:
	[C]: in function 'after'
	libs/timer.lua:48: in function 'update'
	src/systems/ai.lua:49: in function 'process'
	libs/tiny.lua:325: in function 'update'
	libs/tiny.lua:774: in function 'update'
	src/scenes/play.lua:275: in function 'update'
	conf.lua:471: in function <conf.lua:297>
	[C]: in function 'xpcall'

=========================
== 2016-12-11 18:54:50 ==
=========================

Error: libs/timer.lua:48: libs/cpml/modules/vec3.lua:180: attempt to index local 'a' (a number value)
stack traceback:
	[C]: in function 'after'
	libs/timer.lua:48: in function 'update'
	src/systems/ai.lua:47: in function 'process'
	libs/tiny.lua:325: in function 'update'
	libs/tiny.lua:774: in function 'update'
	src/scenes/play.lua:275: in function 'update'
	conf.lua:471: in function <conf.lua:297>
	[C]: in function 'xpcall'

=========================
== 2016-12-11 20:23:11 ==
=========================

Error: Cannot compile vertex shader code:
Line 28: error: undefined variable "v_position"
stack traceback:
	[C]: in function 'newShader'
	libs/lvfx.lua:97: in function 'newShader'
	src/systems/render.lua:72: in function 'onAddToWorld'
	libs/tiny.lua:584: in function 'tiny_manageSystems'
	libs/tiny.lua:735: in function 'update'
	src/scenes/play.lua:285: in function 'update'
	conf.lua:471: in function <conf.lua:297>
	[C]: in function 'xpcall'

=========================
== 2016-12-11 21:22:56 ==
=========================

Error: libs/timer.lua:138: 'struct 162' has no '__pairs' metamethod
stack traceback:
	[C]: in function 'pairs'
	libs/timer.lua:138: in function 'tween_collect_payload'
	libs/timer.lua:153: in function 'tween'
	src/scenes/play.lua:232: in function 'f'
	libs/talkback.lua:79: in function 'say'
	src/systems/ai.lua:82: in function 'process'
	libs/tiny.lua:325: in function 'update'
	libs/tiny.lua:774: in function 'update'
	src/scenes/play.lua:319: in function 'update'
	conf.lua:471: in function <conf.lua:297>
	[C]: in function 'xpcall'

=========================
== 2016-12-11 21:31:05 ==
=========================

Error: libs/timer.lua:48: src/systems/ai.lua:61: attempt to call method 'cancel' (a nil value)
stack traceback:
	[C]: in function 'after'
	libs/timer.lua:48: in function 'update'
	src/systems/ai.lua:72: in function 'process'
	libs/tiny.lua:325: in function 'update'
	libs/tiny.lua:774: in function 'update'
	src/scenes/play.lua:319: in function 'update'
	conf.lua:471: in function <conf.lua:297>
	[C]: in function 'xpcall'

=========================
== 2016-12-11 21:56:52 ==
=========================

Error: src/scenes/play.lua:237: attempt to call method 'clone' (a nil value)
stack traceback:
	src/scenes/play.lua:237: in function 'f'
	libs/talkback.lua:79: in function 'say'
	src/systems/ai.lua:89: in function 'process'
	libs/tiny.lua:325: in function 'update'
	libs/tiny.lua:774: in function 'update'
	src/scenes/play.lua:322: in function 'update'
	conf.lua:471: in function <conf.lua:297>
	[C]: in function 'xpcall'

=========================
== 2016-12-11 22:19:03 ==
=========================

Error: src/utils/load-files.lua:28: Syntax error: assets/markers/player.lua:2: '}' expected (to close '{' at line 1) near '.001'

stack traceback:
	[C]: in function 'load'
	src/utils/load-files.lua:28: in function 'callable'
	libs/memoize.lua:57: in function 'markers'
	assets/entities/player.lua:16: in function <assets/entities/player.lua:6>
	src/scenes/play.lua:34: in function 'switch'
	src/scenes/main-menu.lua:29: in function 'action'
	src/scenes/main-menu.lua:69: in function 'go'
	src/scenes/main-menu.lua:85: in function <src/scenes/main-menu.lua:75>
	conf.lua:427: in function <conf.lua:297>
	[C]: in function 'xpcall'

=========================
== 2016-12-11 22:48:50 ==
=========================

Error: src/scenes/play.lua:237: attempt to call method 'delay' (a nil value)
stack traceback:
	src/scenes/play.lua:237: in function 'after'
	libs/timer.lua:48: in function 'update'
	src/systems/ai.lua:75: in function 'process'
	libs/tiny.lua:325: in function 'update'
	libs/tiny.lua:774: in function 'update'
	src/scenes/play.lua:320: in function 'update'
	conf.lua:471: in function <conf.lua:297>
	[C]: in function 'xpcall'

=========================
== 2016-12-12 00:29:10 ==
=========================

Error: src/systems/collision.lua:13: attempt to compare number with nil
stack traceback:
	src/systems/collision.lua:13: in function 'process'
	libs/tiny.lua:325: in function 'update'
	libs/tiny.lua:774: in function 'update'
	src/scenes/play.lua:347: in function 'update'
	conf.lua:471: in function <conf.lua:297>
	[C]: in function 'xpcall'

=========================
== 2016-12-12 00:30:37 ==
=========================

Error: src/scenes/play.lua:69: attempt to index field 'current_matrices' (a nil value)
stack traceback:
	src/scenes/play.lua:69: in function 'process'
	libs/tiny.lua:325: in function 'update'
	libs/tiny.lua:774: in function 'update'
	src/scenes/play.lua:348: in function 'update'
	conf.lua:471: in function <conf.lua:297>
	[C]: in function 'xpcall'

=========================
== 2016-12-12 00:36:41 ==
=========================

Error: libs/timer.lua:48: src/scenes/play.lua:145: attempt to index field 'animiation' (a nil value)
stack traceback:
	[C]: in function 'after'
	libs/timer.lua:48: in function 'update'
	src/systems/ai.lua:75: in function 'process'
	libs/tiny.lua:325: in function 'update'
	libs/tiny.lua:774: in function 'update'
	src/scenes/play.lua:349: in function 'update'
	conf.lua:471: in function <conf.lua:297>
	[C]: in function 'xpcall'

=========================
== 2016-12-12 01:19:25 ==
=========================

Error: libs/iqm/init.lua:16: attempt to index local 'magic' (a nil value)
stack traceback:
	libs/iqm/init.lua:16: in function 'check_magic'
	libs/iqm/init.lua:20: in function 'load_data'
	libs/iqm/init.lua:95: in function 'load'
	src/utils/load-files.lua:12: in function 'callable'
	libs/memoize.lua:57: in function 'model'
	src/utils/load-files.lua:59: in function 'callable'
	libs/memoize.lua:57: in function 'map'
	src/scenes/play.lua:32: in function 'switch'
	src/scenes/main-menu.lua:35: in function 'action'
	src/scenes/main-menu.lua:75: in function 'go'
	src/scenes/main-menu.lua:91: in function <src/scenes/main-menu.lua:81>
	conf.lua:427: in function <conf.lua:297>
	[C]: in function 'xpcall'

=========================
== 2016-12-12 03:04:14 ==
=========================

Error: Syntax error: assets/entities/cat.lua:9: ')' expected near '('

stack traceback:
	[C]: at 0x7fcbbcee7480
	[C]: in function 'require'
	src/scenes/play.lua:48: in function 'switch'
	src/scenes/main-menu.lua:35: in function 'action'
	src/scenes/main-menu.lua:75: in function 'go'
	src/scenes/main-menu.lua:91: in function <src/scenes/main-menu.lua:81>
	conf.lua:427: in function <conf.lua:297>
	[C]: in function 'xpcall'

=========================
== 2016-12-12 03:20:21 ==
=========================

Error: src/scenes/play.lua:399: attempt to index field 'cat' (a nil value)
stack traceback:
	src/scenes/play.lua:399: in function 'update'
	conf.lua:471: in function <conf.lua:297>
	[C]: in function 'xpcall'

=========================
== 2016-12-12 03:20:48 ==
=========================

Error: src/systems/collision.lua:71: attempt to index field 'cat' (a nil value)
stack traceback:
	src/systems/collision.lua:71: in function 'process'
	libs/tiny.lua:325: in function 'update'
	libs/tiny.lua:774: in function 'update'
	src/scenes/play.lua:406: in function 'update'
	conf.lua:471: in function <conf.lua:297>
	[C]: in function 'xpcall'

=========================
== 2016-12-12 03:27:42 ==
=========================

Error: src/systems/collision.lua:74: attempt to call method 'setDistanceModel' (a nil value)
stack traceback:
	src/systems/collision.lua:74: in function 'process'
	libs/tiny.lua:325: in function 'update'
	libs/tiny.lua:774: in function 'update'
	src/scenes/play.lua:406: in function 'update'
	conf.lua:471: in function <conf.lua:297>
	[C]: in function 'xpcall'

=========================
== 2016-12-12 03:34:22 ==
=========================

Error: assets/entities/cat.lua:16: attempt to index field 'meow' (a number value)
stack traceback:
	assets/entities/cat.lua:16: in function <assets/entities/cat.lua:4>
	src/scenes/play.lua:48: in function 'switch'
	src/scenes/main-menu.lua:35: in function 'action'
	src/scenes/main-menu.lua:75: in function 'go'
	src/scenes/main-menu.lua:91: in function <src/scenes/main-menu.lua:81>
	conf.lua:427: in function <conf.lua:297>
	[C]: in function 'xpcall'

=========================
== 2016-12-12 16:33:52 ==
=========================

Error: libs/anim9.lua:125: Invalid animation: 'attack_heavy'
stack traceback:
	[C]: in function 'assert'
	libs/anim9.lua:125: in function 'length'
	src/scenes/play.lua:246: in function 'f'
	libs/talkback.lua:79: in function 'say'
	src/systems/player-controller.lua:283: in function 'process'
	libs/tiny.lua:325: in function 'update'
	libs/tiny.lua:774: in function 'update'
	src/scenes/play.lua:444: in function 'update'
	conf.lua:471: in function <conf.lua:297>
	[C]: in function 'xpcall'

=========================
== 2016-12-12 16:51:12 ==
=========================

Error: libs/anim9.lua:125: Invalid animation: 'attack_heavy'
stack traceback:
	[C]: in function 'assert'
	libs/anim9.lua:125: in function 'length'
	src/scenes/play.lua:246: in function 'f'
	libs/talkback.lua:79: in function 'say'
	src/systems/player-controller.lua:283: in function 'process'
	libs/tiny.lua:325: in function 'update'
	libs/tiny.lua:774: in function 'update'
	src/scenes/play.lua:467: in function 'update'
	conf.lua:471: in function <conf.lua:297>
	[C]: in function 'xpcall'

=========================
== 2016-12-12 17:03:55 ==
=========================

Error: src/scenes/play.lua:470: module 'scenes.dead' not found:
	no field package.preload['scenes.dead']
	no 'scenes/dead' in LOVE game directories.
	no file 'scenes/dead.so' in LOVE paths.
	no file './scenes/dead.lua'
	no file '/usr/share/luajit-2.0.4/scenes/dead.lua'
	no file '/usr/local/share/lua/5.1/scenes/dead.lua'
	no file '/usr/local/share/lua/5.1/scenes/dead/init.lua'
	no file '/usr/share/lua/5.1/scenes/dead.lua'
	no file '/usr/share/lua/5.1/scenes/dead/init.lua'
	no file './scenes/dead.so'
	no file '/usr/local/lib/lua/5.1/scenes/dead.so'
	no file '/usr/lib64/lua/5.1/scenes/dead.so'
	no file '/usr/local/lib/lua/5.1/loadall.so'
	no file './scenes.so'
	no file '/usr/local/lib/lua/5.1/scenes.so'
	no file '/usr/lib64/lua/5.1/scenes.so'
	no file '/usr/local/lib/lua/5.1/loadall.so'
stack traceback:
	[C]: in function 'require'
	src/scenes/play.lua:470: in function 'update'
	conf.lua:471: in function <conf.lua:297>
	[C]: in function 'xpcall'

=========================
== 2016-12-12 17:17:20 ==
=========================

Error: src/scenes/play.lua:475: module 'scenes.dead' not found:
	no field package.preload['scenes.dead']
	no 'scenes/dead' in LOVE game directories.
	no file 'scenes/dead.so' in LOVE paths.
	no file './scenes/dead.lua'
	no file '/usr/share/luajit-2.0.4/scenes/dead.lua'
	no file '/usr/local/share/lua/5.1/scenes/dead.lua'
	no file '/usr/local/share/lua/5.1/scenes/dead/init.lua'
	no file '/usr/share/lua/5.1/scenes/dead.lua'
	no file '/usr/share/lua/5.1/scenes/dead/init.lua'
	no file './scenes/dead.so'
	no file '/usr/local/lib/lua/5.1/scenes/dead.so'
	no file '/usr/lib64/lua/5.1/scenes/dead.so'
	no file '/usr/local/lib/lua/5.1/loadall.so'
	no file './scenes.so'
	no file '/usr/local/lib/lua/5.1/scenes.so'
	no file '/usr/lib64/lua/5.1/scenes.so'
	no file '/usr/local/lib/lua/5.1/loadall.so'
stack traceback:
	[C]: in function 'require'
	src/scenes/play.lua:475: in function 'update'
	conf.lua:471: in function <conf.lua:297>
	[C]: in function 'xpcall'